<?xml version="1.0" encoding="UTF-8"?>
<!-- Generated by org.testng.reporters.JUnitReportReporter -->
<testsuite hostname="Pranee" failures="0" tests="1" name="spotify_RestAssured.SpotifyOauth2" time="1.630" errors="0" timestamp="2024-07-30T22:49:10 PDT" skipped="0">
  <testcase classname="spotify_RestAssured.SpotifyOauth2" name="ShouldNotBeAbleTOCreateAPlaylistWithName" time="1.630"/>
  <system-out/>
</testsuite> <!-- spotify_RestAssured.SpotifyOauth2 -->
